2022-04-20 00:05:16.511  INFO 23706 --- [Thread-115] j.LocalContainerEntityManagerFactoryBean : Closing JPA EntityManagerFactory for persistence unit 'default'
2022-04-20 00:05:16.552  INFO 23706 --- [Thread-115] com.zaxxer.hikari.HikariDataSource       : HikariPool-29 - Shutdown initiated...
2022-04-20 00:05:16.557  INFO 23706 --- [Thread-115] com.zaxxer.hikari.HikariDataSource       : HikariPool-29 - Shutdown completed.
2022-04-20 00:05:21.756  INFO 23706 --- [restartedMain] com.vega.app.AppApplication              : Starting AppApplication using Java 15.0.2 on machine-6 with PID 23706 (/Users/nizar/Downloads/Vega/target/classes started by nizar in /Users/nizar/Downloads/Vega)
2022-04-20 00:05:21.757  INFO 23706 --- [restartedMain] com.vega.app.AppApplication              : The following 1 profile is active: "dev"
2022-04-20 00:05:21.987  INFO 23706 --- [restartedMain] .s.d.r.c.RepositoryConfigurationDelegate : Bootstrapping Spring Data JPA repositories in DEFAULT mode.
2022-04-20 00:05:22.013  INFO 23706 --- [restartedMain] .s.d.r.c.RepositoryConfigurationDelegate : Finished Spring Data repository scanning in 25 ms. Found 8 JPA repository interfaces.
2022-04-20 00:05:22.274  INFO 23706 --- [restartedMain] o.s.b.w.embedded.tomcat.TomcatWebServer  : Tomcat initialized with port(s): 8000 (http)
2022-04-20 00:05:22.274  INFO 23706 --- [restartedMain] o.apache.catalina.core.StandardService   : Starting service [Tomcat]
2022-04-20 00:05:22.275  INFO 23706 --- [restartedMain] org.apache.catalina.core.StandardEngine  : Starting Servlet engine: [Apache Tomcat/9.0.58]
2022-04-20 00:05:22.291  INFO 23706 --- [restartedMain] o.a.c.c.C.[Tomcat].[localhost].[/]       : Initializing Spring embedded WebApplicationContext
2022-04-20 00:05:22.291  INFO 23706 --- [restartedMain] w.s.c.ServletWebServerApplicationContext : Root WebApplicationContext: initialization completed in 533 ms
2022-04-20 00:05:22.371  INFO 23706 --- [restartedMain] o.hibernate.jpa.internal.util.LogHelper  : HHH000204: Processing PersistenceUnitInfo [name: default]
2022-04-20 00:05:22.375  INFO 23706 --- [restartedMain] com.zaxxer.hikari.HikariDataSource       : HikariPool-30 - Starting...
2022-04-20 00:05:22.406  INFO 23706 --- [restartedMain] com.zaxxer.hikari.HikariDataSource       : HikariPool-30 - Start completed.
2022-04-20 00:05:22.406  INFO 23706 --- [restartedMain] org.hibernate.dialect.Dialect            : HHH000400: Using dialect: org.hibernate.dialect.PostgreSQLDialect
2022-04-20 00:05:22.843  INFO 23706 --- [restartedMain] o.h.e.t.j.p.i.JtaPlatformInitiator       : HHH000490: Using JtaPlatform implementation: [org.hibernate.engine.transaction.jta.platform.internal.NoJtaPlatform]
2022-04-20 00:05:22.843  INFO 23706 --- [restartedMain] j.LocalContainerEntityManagerFactoryBean : Initialized JPA EntityManagerFactory for persistence unit 'default'
2022-04-20 00:05:23.130  WARN 23706 --- [restartedMain] JpaBaseConfiguration$JpaWebConfiguration : spring.jpa.open-in-view is enabled by default. Therefore, database queries may be performed during view rendering. Explicitly configure spring.jpa.open-in-view to disable this warning
2022-04-20 00:05:23.571  INFO 23706 --- [restartedMain] o.s.s.web.DefaultSecurityFilterChain     : Will not secure any request
2022-04-20 00:05:23.721  INFO 23706 --- [restartedMain] o.s.b.d.a.OptionalLiveReloadServer       : LiveReload server is running on port 35729
2022-04-20 00:05:23.734  INFO 23706 --- [restartedMain] o.s.b.w.embedded.tomcat.TomcatWebServer  : Tomcat started on port(s): 8000 (http) with context path ''
2022-04-20 00:05:23.739  INFO 23706 --- [restartedMain] com.vega.app.AppApplication              : Started AppApplication in 7.008 seconds (JVM running for 7938.282)
2022-04-20 00:05:23.740  INFO 23706 --- [restartedMain] .ConditionEvaluationDeltaLoggingListener : Condition evaluation unchanged
2022-04-20 00:05:53.535  INFO 23706 --- [Thread-119] j.LocalContainerEntityManagerFactoryBean : Closing JPA EntityManagerFactory for persistence unit 'default'
2022-04-20 00:05:53.536  INFO 23706 --- [Thread-119] com.zaxxer.hikari.HikariDataSource       : HikariPool-30 - Shutdown initiated...
2022-04-20 00:05:53.536  INFO 23706 --- [Thread-119] com.zaxxer.hikari.HikariDataSource       : HikariPool-30 - Shutdown completed.
2022-04-20 00:05:58.653  INFO 23706 --- [restartedMain] com.vega.app.AppApplication              : Starting AppApplication using Java 15.0.2 on machine-6 with PID 23706 (/Users/nizar/Downloads/Vega/target/classes started by nizar in /Users/nizar/Downloads/Vega)
2022-04-20 00:05:58.653  INFO 23706 --- [restartedMain] com.vega.app.AppApplication              : The following 1 profile is active: "dev"
2022-04-20 00:05:58.809  INFO 23706 --- [restartedMain] .s.d.r.c.RepositoryConfigurationDelegate : Bootstrapping Spring Data JPA repositories in DEFAULT mode.
2022-04-20 00:05:58.833  INFO 23706 --- [restartedMain] .s.d.r.c.RepositoryConfigurationDelegate : Finished Spring Data repository scanning in 23 ms. Found 8 JPA repository interfaces.
2022-04-20 00:05:58.941  INFO 23706 --- [restartedMain] o.s.b.w.embedded.tomcat.TomcatWebServer  : Tomcat initialized with port(s): 8000 (http)
2022-04-20 00:05:58.942  INFO 23706 --- [restartedMain] o.apache.catalina.core.StandardService   : Starting service [Tomcat]
2022-04-20 00:05:58.942  INFO 23706 --- [restartedMain] org.apache.catalina.core.StandardEngine  : Starting Servlet engine: [Apache Tomcat/9.0.58]
2022-04-20 00:05:58.953  INFO 23706 --- [restartedMain] o.a.c.c.C.[Tomcat].[localhost].[/]       : Initializing Spring embedded WebApplicationContext
2022-04-20 00:05:58.953  INFO 23706 --- [restartedMain] w.s.c.ServletWebServerApplicationContext : Root WebApplicationContext: initialization completed in 298 ms
2022-04-20 00:05:59.011  INFO 23706 --- [restartedMain] o.hibernate.jpa.internal.util.LogHelper  : HHH000204: Processing PersistenceUnitInfo [name: default]
2022-04-20 00:05:59.015  INFO 23706 --- [restartedMain] com.zaxxer.hikari.HikariDataSource       : HikariPool-31 - Starting...
2022-04-20 00:05:59.042  INFO 23706 --- [restartedMain] com.zaxxer.hikari.HikariDataSource       : HikariPool-31 - Start completed.
2022-04-20 00:05:59.042  INFO 23706 --- [restartedMain] org.hibernate.dialect.Dialect            : HHH000400: Using dialect: org.hibernate.dialect.PostgreSQLDialect
2022-04-20 00:05:59.464  INFO 23706 --- [restartedMain] o.h.e.t.j.p.i.JtaPlatformInitiator       : HHH000490: Using JtaPlatform implementation: [org.hibernate.engine.transaction.jta.platform.internal.NoJtaPlatform]
2022-04-20 00:05:59.464  INFO 23706 --- [restartedMain] j.LocalContainerEntityManagerFactoryBean : Initialized JPA EntityManagerFactory for persistence unit 'default'
2022-04-20 00:05:59.701  WARN 23706 --- [restartedMain] JpaBaseConfiguration$JpaWebConfiguration : spring.jpa.open-in-view is enabled by default. Therefore, database queries may be performed during view rendering. Explicitly configure spring.jpa.open-in-view to disable this warning
2022-04-20 00:06:00.097  INFO 23706 --- [restartedMain] o.s.s.web.DefaultSecurityFilterChain     : Will not secure any request
2022-04-20 00:06:00.236  INFO 23706 --- [restartedMain] o.s.b.d.a.OptionalLiveReloadServer       : LiveReload server is running on port 35729
2022-04-20 00:06:00.250  INFO 23706 --- [restartedMain] o.s.b.w.embedded.tomcat.TomcatWebServer  : Tomcat started on port(s): 8000 (http) with context path ''
2022-04-20 00:06:00.254  INFO 23706 --- [restartedMain] com.vega.app.AppApplication              : Started AppApplication in 6.624 seconds (JVM running for 7974.797)
2022-04-20 00:06:00.256  INFO 23706 --- [restartedMain] .ConditionEvaluationDeltaLoggingListener : Condition evaluation unchanged
2022-04-20 00:16:47.342  INFO 23706 --- [Thread-123] j.LocalContainerEntityManagerFactoryBean : Closing JPA EntityManagerFactory for persistence unit 'default'
2022-04-20 00:16:47.352  INFO 23706 --- [Thread-123] com.zaxxer.hikari.HikariDataSource       : HikariPool-31 - Shutdown initiated...
2022-04-20 00:16:47.355  INFO 23706 --- [Thread-123] com.zaxxer.hikari.HikariDataSource       : HikariPool-31 - Shutdown completed.
2022-04-20 00:16:52.688  INFO 23706 --- [restartedMain] com.vega.app.AppApplication              : Starting AppApplication using Java 15.0.2 on machine-6 with PID 23706 (/Users/nizar/Downloads/Vega/target/classes started by nizar in /Users/nizar/Downloads/Vega)
2022-04-20 00:16:52.688  INFO 23706 --- [restartedMain] com.vega.app.AppApplication              : The following 1 profile is active: "dev"
2022-04-20 00:16:52.973  INFO 23706 --- [restartedMain] .s.d.r.c.RepositoryConfigurationDelegate : Bootstrapping Spring Data JPA repositories in DEFAULT mode.
2022-04-20 00:16:53.007  INFO 23706 --- [restartedMain] .s.d.r.c.RepositoryConfigurationDelegate : Finished Spring Data repository scanning in 29 ms. Found 8 JPA repository interfaces.
2022-04-20 00:16:53.326  INFO 23706 --- [restartedMain] o.s.b.w.embedded.tomcat.TomcatWebServer  : Tomcat initialized with port(s): 8000 (http)
2022-04-20 00:16:53.327  INFO 23706 --- [restartedMain] o.apache.catalina.core.StandardService   : Starting service [Tomcat]
2022-04-20 00:16:53.327  INFO 23706 --- [restartedMain] org.apache.catalina.core.StandardEngine  : Starting Servlet engine: [Apache Tomcat/9.0.58]
2022-04-20 00:16:53.341  INFO 23706 --- [restartedMain] o.a.c.c.C.[Tomcat].[localhost].[/]       : Initializing Spring embedded WebApplicationContext
2022-04-20 00:16:53.341  INFO 23706 --- [restartedMain] w.s.c.ServletWebServerApplicationContext : Root WebApplicationContext: initialization completed in 651 ms
2022-04-20 00:16:53.402  INFO 23706 --- [restartedMain] o.hibernate.jpa.internal.util.LogHelper  : HHH000204: Processing PersistenceUnitInfo [name: default]
2022-04-20 00:16:53.406  INFO 23706 --- [restartedMain] com.zaxxer.hikari.HikariDataSource       : HikariPool-32 - Starting...
2022-04-20 00:16:53.439  INFO 23706 --- [restartedMain] com.zaxxer.hikari.HikariDataSource       : HikariPool-32 - Start completed.
2022-04-20 00:16:53.440  INFO 23706 --- [restartedMain] org.hibernate.dialect.Dialect            : HHH000400: Using dialect: org.hibernate.dialect.PostgreSQLDialect
2022-04-20 00:16:53.843  INFO 23706 --- [restartedMain] o.h.e.t.j.p.i.JtaPlatformInitiator       : HHH000490: Using JtaPlatform implementation: [org.hibernate.engine.transaction.jta.platform.internal.NoJtaPlatform]
2022-04-20 00:16:53.843  INFO 23706 --- [restartedMain] j.LocalContainerEntityManagerFactoryBean : Initialized JPA EntityManagerFactory for persistence unit 'default'
2022-04-20 00:16:54.070  WARN 23706 --- [restartedMain] JpaBaseConfiguration$JpaWebConfiguration : spring.jpa.open-in-view is enabled by default. Therefore, database queries may be performed during view rendering. Explicitly configure spring.jpa.open-in-view to disable this warning
2022-04-20 00:16:54.506  INFO 23706 --- [restartedMain] o.s.s.web.DefaultSecurityFilterChain     : Will not secure any request
2022-04-20 00:16:54.683  INFO 23706 --- [restartedMain] o.s.b.d.a.OptionalLiveReloadServer       : LiveReload server is running on port 35729
2022-04-20 00:16:54.695  INFO 23706 --- [restartedMain] o.s.b.w.embedded.tomcat.TomcatWebServer  : Tomcat started on port(s): 8000 (http) with context path ''
2022-04-20 00:16:54.700  INFO 23706 --- [restartedMain] com.vega.app.AppApplication              : Started AppApplication in 7.054 seconds (JVM running for 8629.245)
2022-04-20 00:16:54.701  INFO 23706 --- [restartedMain] .ConditionEvaluationDeltaLoggingListener : Condition evaluation unchanged
